Arguments: 
  /Users/gimdaegwan/.nvm/versions/node/v16.14.0/bin/node /Users/gimdaegwan/.nvm/versions/node/v16.14.0/bin/yarn add @types/react-spring

PATH: 
  /Users/gimdaegwan/.nvm/versions/node/v16.14.0/bin:/opt/homebrew/bin:/opt/homebrew/sbin:/usr/local/bin:/usr/bin:/bin:/usr/sbin:/sbin:/Library/Apple/usr/bin:/Users/gimdaegwan/.nvm/versions/node/v16.14.0/bin:/opt/homebrew/bin:/opt/homebrew/sbin

Yarn version: 
  1.22.17

Node version: 
  16.14.0

Platform: 
  darwin arm64

Trace: 
  Error: https://registry.yarnpkg.com/@types%2freact-spring: Not found
      at Request.params.callback [as _callback] (/Users/gimdaegwan/.nvm/versions/node/v16.14.0/lib/node_modules/yarn/lib/cli.js:67029:18)
      at Request.self.callback (/Users/gimdaegwan/.nvm/versions/node/v16.14.0/lib/node_modules/yarn/lib/cli.js:140883:22)
      at Request.emit (node:events:520:28)
      at Request.<anonymous> (/Users/gimdaegwan/.nvm/versions/node/v16.14.0/lib/node_modules/yarn/lib/cli.js:141855:10)
      at Request.emit (node:events:520:28)
      at IncomingMessage.<anonymous> (/Users/gimdaegwan/.nvm/versions/node/v16.14.0/lib/node_modules/yarn/lib/cli.js:141777:12)
      at Object.onceWrapper (node:events:639:28)
      at IncomingMessage.emit (node:events:532:35)
      at endReadableNT (node:internal/streams/readable:1346:12)
      at processTicksAndRejections (node:internal/process/task_queues:83:21)

npm manifest: 
  No manifest

yarn manifest: 
  No manifest

Lockfile: 
  No lockfile
